Removed Pin From Net: NetName=+5V Pin=C4-1
Removed Pin From Net: NetName=+5V Pin=C5-1
Removed Pin From Net: NetName=+3.3V_1 Pin=C6-1
Removed Pin From Net: NetName=+3.3V_1 Pin=C7-1
Removed Pin From Net: NetName=+5V Pin=C8-1
Removed Pin From Net: NetName=+5V Pin=C9-1
Removed Pin From Net: NetName=+3.3V_2 Pin=C10-1
Removed Pin From Net: NetName=+3.3V_2 Pin=C11-1
Removed Pin From Net: NetName=+5V Pin=U1-2
Removed Pin From Net: NetName=+3.3V_1 Pin=U1-3
Removed Pin From Net: NetName=+5V Pin=U2-2
Removed Pin From Net: NetName=+3.3V_2 Pin=U2-3
Added Pin To Net: NetName=+3.3V_1 Pin=C4-1
Added Pin To Net: NetName=+3.3V_1 Pin=C5-1
Added Pin To Net: NetName=+5V Pin=C6-1
Added Pin To Net: NetName=+5V Pin=C7-1
Added Pin To Net: NetName=+3.3V_2 Pin=C8-1
Added Pin To Net: NetName=+3.3V_2 Pin=C9-1
Added Pin To Net: NetName=+5V Pin=C10-1
Added Pin To Net: NetName=+5V Pin=C11-1
Added Pin To Net: NetName=+3.3V_1 Pin=U1-2
Added Pin To Net: NetName=+5V Pin=U1-3
Added Pin To Net: NetName=+3.3V_2 Pin=U2-2
Added Pin To Net: NetName=+5V Pin=U2-3
