Removed Pin From Net: NetName=NetQ1_2 Pin=Q1-2
Removed Pin From Net: NetName=NetD4_1 Pin=Q1-3
Removed Pin From Net: NetName=NetQ2_2 Pin=Q2-2
Removed Pin From Net: NetName=NetD5_1 Pin=Q2-3
Removed Pin From Net: NetName=NetQ3_2 Pin=Q3-2
Removed Pin From Net: NetName=NetD6_1 Pin=Q3-3
Removed Pin From Net: NetName=NetQ4_2 Pin=Q4-2
Removed Pin From Net: NetName=NetD17_1 Pin=Q4-3
Removed Pin From Net: NetName=NetQ5_2 Pin=Q5-2
Removed Pin From Net: NetName=NetD18_1 Pin=Q5-3
Removed Pin From Net: NetName=NetQ7_2 Pin=Q7-2
Removed Pin From Net: NetName=NetD29_1 Pin=Q7-3
Removed Pin From Net: NetName=NetQ8_2 Pin=Q8-2
Removed Pin From Net: NetName=NetD39_1 Pin=Q8-3
Removed Pin From Net: NetName=NetQ9_2 Pin=Q9-2
Removed Pin From Net: NetName=NetD40_1 Pin=Q9-3
Removed Pin From Net: NetName=NetQ10_2 Pin=Q10-2
Removed Pin From Net: NetName=NetD41_1 Pin=Q10-3
Removed Pin From Net: NetName=NetQ11_2 Pin=Q11-2
Removed Pin From Net: NetName=NetD51_1 Pin=Q11-3
Removed Pin From Net: NetName=NetQ15_2 Pin=Q15-2
Removed Pin From Net: NetName=NetD73_1 Pin=Q15-3
Removed Pin From Net: NetName=NetQ1_1 Pin=R2-2
Removed Pin From Net: NetName=NetQ2_1 Pin=R3-2
Removed Pin From Net: NetName=NetQ3_1 Pin=R4-2
Removed Pin From Net: NetName=NetQ1_2 Pin=R5-1
Removed Pin From Net: NetName=NetQ2_2 Pin=R6-1
Removed Pin From Net: NetName=NetQ3_2 Pin=R7-1
Removed Pin From Net: NetName=NetQ4_1 Pin=R10-2
Removed Pin From Net: NetName=NetQ5_1 Pin=R11-2
Removed Pin From Net: NetName=NetQ7_1 Pin=R13-2
Removed Pin From Net: NetName=NetQ4_2 Pin=R14-1
Removed Pin From Net: NetName=NetQ5_2 Pin=R15-1
Removed Pin From Net: NetName=NetQ7_2 Pin=R17-1
Removed Pin From Net: NetName=NetQ8_1 Pin=R18-2
Removed Pin From Net: NetName=NetQ9_1 Pin=R19-2
Removed Pin From Net: NetName=NetQ10_1 Pin=R20-2
Removed Pin From Net: NetName=NetQ11_1 Pin=R21-2
Removed Pin From Net: NetName=NetQ8_2 Pin=R22-1
Removed Pin From Net: NetName=NetQ9_2 Pin=R23-1
Removed Pin From Net: NetName=NetQ10_2 Pin=R24-1
Removed Pin From Net: NetName=NetQ11_2 Pin=R25-1
Removed Pin From Net: NetName=NetQ15_1 Pin=R29-2
Removed Pin From Net: NetName=NetQ15_2 Pin=R33-1
Removed Pin From Net: NetName=+3.3V_1 Pin=U1-4
Removed Pin From Net: NetName=+3.3V_2 Pin=U2-4
Added Pin To Net: NetName=NetD4_1 Pin=Q1-2
Added Pin To Net: NetName=NetQ1_2 Pin=Q1-3
Added Pin To Net: NetName=NetD5_1 Pin=Q2-2
Added Pin To Net: NetName=NetQ2_2 Pin=Q2-3
Added Pin To Net: NetName=NetD6_1 Pin=Q3-2
Added Pin To Net: NetName=NetQ3_2 Pin=Q3-3
Added Pin To Net: NetName=NetD17_1 Pin=Q4-2
Added Pin To Net: NetName=NetQ4_2 Pin=Q4-3
Added Pin To Net: NetName=NetD18_1 Pin=Q5-2
Added Pin To Net: NetName=NetQ5_2 Pin=Q5-3
Added Pin To Net: NetName=NetD29_1 Pin=Q7-2
Added Pin To Net: NetName=NetQ7_2 Pin=Q7-3
Added Pin To Net: NetName=NetD39_1 Pin=Q8-2
Added Pin To Net: NetName=NetQ8_2 Pin=Q8-3
Added Pin To Net: NetName=NetD40_1 Pin=Q9-2
Added Pin To Net: NetName=NetQ9_2 Pin=Q9-3
Added Pin To Net: NetName=NetD41_1 Pin=Q10-2
Added Pin To Net: NetName=NetQ10_2 Pin=Q10-3
Added Pin To Net: NetName=NetD51_1 Pin=Q11-2
Added Pin To Net: NetName=NetQ11_2 Pin=Q11-3
Added Pin To Net: NetName=NetD73_1 Pin=Q15-2
Added Pin To Net: NetName=NetQ15_2 Pin=Q15-3
Added Pin To Net: NetName=NetQ1_2 Pin=R2-2
Added Pin To Net: NetName=NetQ2_2 Pin=R3-2
Added Pin To Net: NetName=NetQ3_2 Pin=R4-2
Added Pin To Net: NetName=NetQ1_1 Pin=R5-1
Added Pin To Net: NetName=NetQ2_1 Pin=R6-1
Added Pin To Net: NetName=NetQ3_1 Pin=R7-1
Added Pin To Net: NetName=NetQ4_2 Pin=R10-2
Added Pin To Net: NetName=NetQ5_2 Pin=R11-2
Added Pin To Net: NetName=NetQ7_2 Pin=R13-2
Added Pin To Net: NetName=NetQ4_1 Pin=R14-1
Added Pin To Net: NetName=NetQ5_1 Pin=R15-1
Added Pin To Net: NetName=NetQ7_1 Pin=R17-1
Added Pin To Net: NetName=NetQ8_2 Pin=R18-2
Added Pin To Net: NetName=NetQ9_2 Pin=R19-2
Added Pin To Net: NetName=NetQ10_2 Pin=R20-2
Added Pin To Net: NetName=NetQ11_2 Pin=R21-2
Added Pin To Net: NetName=NetQ8_1 Pin=R22-1
Added Pin To Net: NetName=NetQ9_1 Pin=R23-1
Added Pin To Net: NetName=NetQ10_1 Pin=R24-1
Added Pin To Net: NetName=NetQ11_1 Pin=R25-1
Added Pin To Net: NetName=NetQ15_2 Pin=R29-2
Added Pin To Net: NetName=NetQ15_1 Pin=R33-1
Change Net Name : Old Net Name=NetQ1_2 New Net Name=NetQ1_3
Change Net Name : Old Net Name=NetQ2_2 New Net Name=NetQ2_3
Change Net Name : Old Net Name=NetQ3_2 New Net Name=NetQ3_3
Change Net Name : Old Net Name=NetQ4_2 New Net Name=NetQ4_3
Change Net Name : Old Net Name=NetQ5_2 New Net Name=NetQ5_3
Change Net Name : Old Net Name=NetQ7_2 New Net Name=NetQ7_3
Change Net Name : Old Net Name=NetQ8_2 New Net Name=NetQ8_3
Change Net Name : Old Net Name=NetQ9_2 New Net Name=NetQ9_3
Change Net Name : Old Net Name=NetQ10_2 New Net Name=NetQ10_3
Change Net Name : Old Net Name=NetQ11_2 New Net Name=NetQ11_3
Change Net Name : Old Net Name=NetQ15_2 New Net Name=NetQ15_3
